app/build/intermediates/manifest_merge_blame_file/debug/processDebugMainManifest/manifest-merger-blame-debug-report.txt
1<?xml version="1.0" encoding="utf-8"?>
2<manifest xmlns:android="http://schemas.android.com/apk/res/android"
3    package="com.parisaracycle"
4    android:versionCode="1"
5    android:versionName="1.0.0" >
6
7    <uses-sdk
8        android:minSdkVersion="26"
9        android:targetSdkVersion="35" />
10
11    <uses-permission android:name="android.permission.INTERNET" />
11-->src\main\AndroidManifest.xml:4:5-67
11-->src\main\AndroidManifest.xml:4:22-64
12    <uses-permission android:name="android.permission.ACCESS_FINE_LOCATION" />
12-->src\main\AndroidManifest.xml:5:5-79
12-->src\main\AndroidManifest.xml:5:22-76
13    <uses-permission android:name="android.permission.ACCESS_COARSE_LOCATION" />
13-->src\main\AndroidManifest.xml:6:5-81
13-->src\main\AndroidManifest.xml:6:22-78
14    <uses-permission android:name="android.permission.ACCESS_NETWORK_STATE" />
14-->src\main\AndroidManifest.xml:7:5-79
14-->src\main\AndroidManifest.xml:7:22-76
15    <uses-permission android:name="android.permission.POST_NOTIFICATIONS" />
15-->src\main\AndroidManifest.xml:8:5-77
15-->src\main\AndroidManifest.xml:8:22-74
16    <uses-permission android:name="android.permission.CAMERA" />
16-->src\main\AndroidManifest.xml:9:5-65
16-->src\main\AndroidManifest.xml:9:22-62
17    <uses-permission
17-->src\main\AndroidManifest.xml:10:5-12:38
18        android:name="android.permission.READ_EXTERNAL_STORAGE"
18-->src\main\AndroidManifest.xml:11:9-64
19        android:maxSdkVersion="32" />
19-->src\main\AndroidManifest.xml:12:9-35
20    <uses-permission android:name="android.permission.READ_MEDIA_IMAGES" />
20-->src\main\AndroidManifest.xml:13:5-76
20-->src\main\AndroidManifest.xml:13:22-73
21
22    <uses-feature
22-->[com.google.android.gms:play-services-maps:19.0.0] AndroidManifest.xml:26:5-28:35
23        android:glEsVersion="0x00020000"
23-->[com.google.android.gms:play-services-maps:19.0.0] AndroidManifest.xml:27:9-41
24        android:required="true" />
24-->[com.google.android.gms:play-services-maps:19.0.0] AndroidManifest.xml:28:9-32
25
26    <queries>
26-->[com.google.android.gms:play-services-maps:19.0.0] AndroidManifest.xml:30:5-34:15
27
28        <!-- Needs to be explicitly declared on Android R+ -->
29        <package android:name="com.google.android.apps.maps" />
29-->[com.google.android.gms:play-services-maps:19.0.0] AndroidManifest.xml:33:9-64
29-->[com.google.android.gms:play-services-maps:19.0.0] AndroidManifest.xml:33:18-61
30    </queries>
31
32    <uses-permission android:name="android.permission.WAKE_LOCK" /> <!-- Required by older versions of Google Play services to create IID tokens -->
32-->[com.google.firebase:firebase-messaging:24.1.0] AndroidManifest.xml:24:5-68
32-->[com.google.firebase:firebase-messaging:24.1.0] AndroidManifest.xml:24:22-65
33    <uses-permission android:name="com.google.android.c2dm.permission.RECEIVE" />
33-->[com.google.firebase:firebase-messaging:24.1.0] AndroidManifest.xml:26:5-82
33-->[com.google.firebase:firebase-messaging:24.1.0] AndroidManifest.xml:26:22-79
34    <uses-permission android:name="com.google.android.providers.gsf.permission.READ_GSERVICES" />
34-->[com.google.android.recaptcha:recaptcha:18.5.1] AndroidManifest.xml:9:5-98
34-->[com.google.android.recaptcha:recaptcha:18.5.1] AndroidManifest.xml:9:22-95
35
36    <permission
36-->[androidx.core:core:1.15.0] AndroidManifest.xml:22:5-24:47
37        android:name="com.parisaracycle.DYNAMIC_RECEIVER_NOT_EXPORTED_PERMISSION"
37-->[androidx.core:core:1.15.0] AndroidManifest.xml:23:9-81
38        android:protectionLevel="signature" />
38-->[androidx.core:core:1.15.0] AndroidManifest.xml:24:9-44
39
40    <uses-permission android:name="com.parisaracycle.DYNAMIC_RECEIVER_NOT_EXPORTED_PERMISSION" />
40-->[androidx.core:core:1.15.0] AndroidManifest.xml:26:5-97
40-->[androidx.core:core:1.15.0] AndroidManifest.xml:26:22-94
41
42    <application
42-->src\main\AndroidManifest.xml:15:5-46:19
43        android:name="com.parisara.cycle.ParisaraApp"
43-->src\main\AndroidManifest.xml:16:9-36
44        android:allowBackup="true"
44-->src\main\AndroidManifest.xml:17:9-35
45        android:appComponentFactory="androidx.core.app.CoreComponentFactory"
45-->[androidx.core:core:1.15.0] AndroidManifest.xml:28:18-86
46        android:debuggable="true"
47        android:extractNativeLibs="false"
48        android:icon="@mipmap/ic_launcher"
48-->src\main\AndroidManifest.xml:18:9-43
49        android:label="@string/app_name"
49-->src\main\AndroidManifest.xml:19:9-41
50        android:roundIcon="@mipmap/ic_launcher_round"
50-->src\main\AndroidManifest.xml:20:9-54
51        android:supportsRtl="true"
51-->src\main\AndroidManifest.xml:21:9-35
52        android:testOnly="true"
53        android:theme="@style/Theme.ParisaraCycle" >
53-->src\main\AndroidManifest.xml:22:9-51
54        <meta-data
55            android:name="com.google.android.geo.API_KEY"
55-->src\main\AndroidManifest.xml:25:13-58
56            android:value="AIzaSyBAE3WL407Pd9tH50uZShh2ydnVFOmhfns" />
56-->src\main\AndroidManifest.xml:26:13-44
57
58        <activity
58-->src\main\AndroidManifest.xml:28:9-37:20
59            android:name="com.parisara.cycle.MainActivity"
59-->src\main\AndroidManifest.xml:29:13-41
60            android:exported="true"
60-->src\main\AndroidManifest.xml:30:13-36
61            android:theme="@style/Theme.ParisaraCycle"
61-->src\main\AndroidManifest.xml:31:13-55
62            android:windowSoftInputMode="adjustResize" >
62-->src\main\AndroidManifest.xml:32:13-55
63            <intent-filter>
63-->src\main\AndroidManifest.xml:33:13-36:29
64                <action android:name="android.intent.action.MAIN" />
64-->src\main\AndroidManifest.xml:34:17-69
64-->src\main\AndroidManifest.xml:34:25-66
65
66                <category android:name="android.intent.category.LAUNCHER" />
66-->src\main\AndroidManifest.xml:35:17-77
66-->src\main\AndroidManifest.xml:35:27-74
67            </intent-filter>
68        </activity>
69
70        <service
70-->src\main\AndroidManifest.xml:39:9-45:19
71            android:name="com.parisara.cycle.service.ParisaraMessagingService"
71-->src\main\AndroidManifest.xml:40:13-61
72            android:exported="false" >
72-->src\main\AndroidManifest.xml:41:13-37
73            <intent-filter>
73-->src\main\AndroidManifest.xml:42:13-44:29
74                <action android:name="com.google.firebase.MESSAGING_EVENT" />
74-->src\main\AndroidManifest.xml:43:17-78
74-->src\main\AndroidManifest.xml:43:25-75
75            </intent-filter>
76        </service>
77
78        <meta-data
78-->[com.google.maps.android:android-maps-utils:3.8.2] AndroidManifest.xml:8:9-10:69
79            android:name="com.google.android.gms.version"
79-->[com.google.maps.android:android-maps-utils:3.8.2] AndroidManifest.xml:9:13-58
80            android:value="@integer/google_play_services_version" /> <!-- Needs to be explicitly declared on P+ -->
80-->[com.google.maps.android:android-maps-utils:3.8.2] AndroidManifest.xml:10:13-66
81        <uses-library
81-->[com.google.android.gms:play-services-maps:19.0.0] AndroidManifest.xml:39:9-41:40
82            android:name="org.apache.http.legacy"
82-->[com.google.android.gms:play-services-maps:19.0.0] AndroidManifest.xml:40:13-50
83            android:required="false" />
83-->[com.google.android.gms:play-services-maps:19.0.0] AndroidManifest.xml:41:13-37
84
85        <service
85-->[com.google.firebase:firebase-appcheck-debug:18.0.0] AndroidManifest.xml:22:9-28:19
86            android:name="com.google.firebase.components.ComponentDiscoveryService"
86-->[com.google.firebase:firebase-appcheck-debug:18.0.0] AndroidManifest.xml:23:13-84
87            android:directBootAware="true"
87-->[com.google.firebase:firebase-common:21.0.0] AndroidManifest.xml:32:13-43
88            android:exported="false" >
88-->[com.google.firebase:firebase-appcheck-debug:18.0.0] AndroidManifest.xml:24:13-37
89            <meta-data
89-->[com.google.firebase:firebase-appcheck-debug:18.0.0] AndroidManifest.xml:25:13-27:85
90                android:name="com.google.firebase.components:com.google.firebase.appcheck.debug.FirebaseAppCheckDebugRegistrar"
90-->[com.google.firebase:firebase-appcheck-debug:18.0.0] AndroidManifest.xml:26:17-128
91                android:value="com.google.firebase.components.ComponentRegistrar" />
91-->[com.google.firebase:firebase-appcheck-debug:18.0.0] AndroidManifest.xml:27:17-82
92            <meta-data
92-->[com.google.firebase:firebase-storage-ktx:21.0.1] AndroidManifest.xml:12:13-14:85
93                android:name="com.google.firebase.components:com.google.firebase.storage.ktx.FirebaseStorageLegacyRegistrar"
93-->[com.google.firebase:firebase-storage-ktx:21.0.1] AndroidManifest.xml:13:17-125
94                android:value="com.google.firebase.components.ComponentRegistrar" />
94-->[com.google.firebase:firebase-storage-ktx:21.0.1] AndroidManifest.xml:14:17-82
95            <meta-data
95-->[com.google.firebase:firebase-storage:21.0.1] AndroidManifest.xml:30:13-32:85
96                android:name="com.google.firebase.components:com.google.firebase.storage.FirebaseStorageKtxRegistrar"
96-->[com.google.firebase:firebase-storage:21.0.1] AndroidManifest.xml:31:17-118
97                android:value="com.google.firebase.components.ComponentRegistrar" />
97-->[com.google.firebase:firebase-storage:21.0.1] AndroidManifest.xml:32:17-82
98            <meta-data
98-->[com.google.firebase:firebase-storage:21.0.1] AndroidManifest.xml:33:13-35:85
99                android:name="com.google.firebase.components:com.google.firebase.storage.StorageRegistrar"
99-->[com.google.firebase:firebase-storage:21.0.1] AndroidManifest.xml:34:17-107
100                android:value="com.google.firebase.components.ComponentRegistrar" />
100-->[com.google.firebase:firebase-storage:21.0.1] AndroidManifest.xml:35:17-82
101            <meta-data
101-->[com.google.firebase:firebase-appcheck:18.0.0] AndroidManifest.xml:25:13-27:85
102                android:name="com.google.firebase.components:com.google.firebase.appcheck.FirebaseAppCheckKtxRegistrar"
102-->[com.google.firebase:firebase-appcheck:18.0.0] AndroidManifest.xml:26:17-120
103                android:value="com.google.firebase.components.ComponentRegistrar" />
103-->[com.google.firebase:firebase-appcheck:18.0.0] AndroidManifest.xml:27:17-82
104            <meta-data
104-->[com.google.firebase:firebase-appcheck:18.0.0] AndroidManifest.xml:28:13-30:85
105                android:name="com.google.firebase.components:com.google.firebase.appcheck.FirebaseAppCheckRegistrar"
105-->[com.google.firebase:firebase-appcheck:18.0.0] AndroidManifest.xml:29:17-117
106                android:value="com.google.firebase.components.ComponentRegistrar" />
106-->[com.google.firebase:firebase-appcheck:18.0.0] AndroidManifest.xml:30:17-82
107            <meta-data
107-->[com.google.firebase:firebase-database-ktx:21.0.0] AndroidManifest.xml:12:13-14:85
108                android:name="com.google.firebase.components:com.google.firebase.database.ktx.FirebaseDatabaseLegacyRegistrar"
108-->[com.google.firebase:firebase-database-ktx:21.0.0] AndroidManifest.xml:13:17-127
109                android:value="com.google.firebase.components.ComponentRegistrar" />
109-->[com.google.firebase:firebase-database-ktx:21.0.0] AndroidManifest.xml:14:17-82
110            <meta-data
110-->[com.google.firebase:firebase-database:21.0.0] AndroidManifest.xml:29:13-31:85
111                android:name="com.google.firebase.components:com.google.firebase.database.FirebaseDatabaseKtxRegistrar"
111-->[com.google.firebase:firebase-database:21.0.0] AndroidManifest.xml:30:17-120
112                android:value="com.google.firebase.components.ComponentRegistrar" />
112-->[com.google.firebase:firebase-database:21.0.0] AndroidManifest.xml:31:17-82
113            <meta-data
113-->[com.google.firebase:firebase-database:21.0.0] AndroidManifest.xml:32:13-34:85
114                android:name="com.google.firebase.components:com.google.firebase.database.DatabaseRegistrar"
114-->[com.google.firebase:firebase-database:21.0.0] AndroidManifest.xml:33:17-109
115                android:value="com.google.firebase.components.ComponentRegistrar" />
115-->[com.google.firebase:firebase-database:21.0.0] AndroidManifest.xml:34:17-82
116            <meta-data
116-->[com.google.firebase:firebase-firestore-ktx:25.1.1] AndroidManifest.xml:12:13-14:85
117                android:name="com.google.firebase.components:com.google.firebase.firestore.ktx.FirebaseFirestoreLegacyRegistrar"
117-->[com.google.firebase:firebase-firestore-ktx:25.1.1] AndroidManifest.xml:13:17-129
118                android:value="com.google.firebase.components.ComponentRegistrar" />
118-->[com.google.firebase:firebase-firestore-ktx:25.1.1] AndroidManifest.xml:14:17-82
119            <meta-data
119-->[com.google.firebase:firebase-firestore:25.1.1] AndroidManifest.xml:17:13-19:85
120                android:name="com.google.firebase.components:com.google.firebase.firestore.FirebaseFirestoreKtxRegistrar"
120-->[com.google.firebase:firebase-firestore:25.1.1] AndroidManifest.xml:18:17-122
121                android:value="com.google.firebase.components.ComponentRegistrar" />
121-->[com.google.firebase:firebase-firestore:25.1.1] AndroidManifest.xml:19:17-82
122            <meta-data
122-->[com.google.firebase:firebase-firestore:25.1.1] AndroidManifest.xml:20:13-22:85
123                android:name="com.google.firebase.components:com.google.firebase.firestore.FirestoreRegistrar"
123-->[com.google.firebase:firebase-firestore:25.1.1] AndroidManifest.xml:21:17-111
124                android:value="com.google.firebase.components.ComponentRegistrar" />
124-->[com.google.firebase:firebase-firestore:25.1.1] AndroidManifest.xml:22:17-82
125            <meta-data
125-->[com.google.firebase:firebase-messaging-ktx:24.1.0] AndroidManifest.xml:26:13-28:85
126                android:name="com.google.firebase.components:com.google.firebase.messaging.ktx.FirebaseMessagingLegacyRegistrar"
126-->[com.google.firebase:firebase-messaging-ktx:24.1.0] AndroidManifest.xml:27:17-129
127                android:value="com.google.firebase.components.ComponentRegistrar" />
127-->[com.google.firebase:firebase-messaging-ktx:24.1.0] AndroidManifest.xml:28:17-82
128            <meta-data
128-->[com.google.firebase:firebase-messaging:24.1.0] AndroidManifest.xml:57:13-59:85
129                android:name="com.google.firebase.components:com.google.firebase.messaging.FirebaseMessagingKtxRegistrar"
129-->[com.google.firebase:firebase-messaging:24.1.0] AndroidManifest.xml:58:17-122
130                android:value="com.google.firebase.components.ComponentRegistrar" />
130-->[com.google.firebase:firebase-messaging:24.1.0] AndroidManifest.xml:59:17-82
131            <meta-data
131-->[com.google.firebase:firebase-messaging:24.1.0] AndroidManifest.xml:60:13-62:85
132                android:name="com.google.firebase.components:com.google.firebase.messaging.FirebaseMessagingRegistrar"
132-->[com.google.firebase:firebase-messaging:24.1.0] AndroidManifest.xml:61:17-119
133                android:value="com.google.firebase.components.ComponentRegistrar" />
133-->[com.google.firebase:firebase-messaging:24.1.0] AndroidManifest.xml:62:17-82
134            <meta-data
134-->[com.google.firebase:firebase-auth-ktx:23.1.0] AndroidManifest.xml:11:13-13:85
135                android:name="com.google.firebase.components:com.google.firebase.auth.ktx.FirebaseAuthLegacyRegistrar"
135-->[com.google.firebase:firebase-auth-ktx:23.1.0] AndroidManifest.xml:12:17-119
136                android:value="com.google.firebase.components.ComponentRegistrar" />
136-->[com.google.firebase:firebase-auth-ktx:23.1.0] AndroidManifest.xml:13:17-82
137            <meta-data
137-->[com.google.firebase:firebase-auth:23.1.0] AndroidManifest.xml:69:13-71:85
138                android:name="com.google.firebase.components:com.google.firebase.auth.FirebaseAuthRegistrar"
138-->[com.google.firebase:firebase-auth:23.1.0] AndroidManifest.xml:70:17-109
139                android:value="com.google.firebase.components.ComponentRegistrar" />
139-->[com.google.firebase:firebase-auth:23.1.0] AndroidManifest.xml:71:17-82
140            <meta-data
140-->[com.google.firebase:firebase-installations:18.0.0] AndroidManifest.xml:15:13-17:85
141                android:name="com.google.firebase.components:com.google.firebase.installations.FirebaseInstallationsKtxRegistrar"
141-->[com.google.firebase:firebase-installations:18.0.0] AndroidManifest.xml:16:17-130
142                android:value="com.google.firebase.components.ComponentRegistrar" />
142-->[com.google.firebase:firebase-installations:18.0.0] AndroidManifest.xml:17:17-82
143            <meta-data
143-->[com.google.firebase:firebase-installations:18.0.0] AndroidManifest.xml:18:13-20:85
144                android:name="com.google.firebase.components:com.google.firebase.installations.FirebaseInstallationsRegistrar"
144-->[com.google.firebase:firebase-installations:18.0.0] AndroidManifest.xml:19:17-127
145                android:value="com.google.firebase.components.ComponentRegistrar" />
145-->[com.google.firebase:firebase-installations:18.0.0] AndroidManifest.xml:20:17-82
146            <meta-data
146-->[com.google.firebase:firebase-common-ktx:21.0.0] AndroidManifest.xml:12:13-14:85
147                android:name="com.google.firebase.components:com.google.firebase.ktx.FirebaseCommonLegacyRegistrar"
147-->[com.google.firebase:firebase-common-ktx:21.0.0] AndroidManifest.xml:13:17-116
148                android:value="com.google.firebase.components.ComponentRegistrar" />
148-->[com.google.firebase:firebase-common-ktx:21.0.0] AndroidManifest.xml:14:17-82
149            <meta-data
149-->[com.google.firebase:firebase-common:21.0.0] AndroidManifest.xml:35:13-37:85
150                android:name="com.google.firebase.components:com.google.firebase.FirebaseCommonKtxRegistrar"
150-->[com.google.firebase:firebase-common:21.0.0] AndroidManifest.xml:36:17-109
151                android:value="com.google.firebase.components.ComponentRegistrar" />
151-->[com.google.firebase:firebase-common:21.0.0] AndroidManifest.xml:37:17-82
152            <meta-data
152-->[com.google.firebase:firebase-datatransport:18.2.0] AndroidManifest.xml:25:13-27:85
153                android:name="com.google.firebase.components:com.google.firebase.datatransport.TransportRegistrar"
153-->[com.google.firebase:firebase-datatransport:18.2.0] AndroidManifest.xml:26:17-115
154                android:value="com.google.firebase.components.ComponentRegistrar" />
154-->[com.google.firebase:firebase-datatransport:18.2.0] AndroidManifest.xml:27:17-82
155        </service>
156
157        <receiver
157-->[com.google.firebase:firebase-messaging:24.1.0] AndroidManifest.xml:29:9-40:20
158            android:name="com.google.firebase.iid.FirebaseInstanceIdReceiver"
158-->[com.google.firebase:firebase-messaging:24.1.0] AndroidManifest.xml:30:13-78
159            android:exported="true"
159-->[com.google.firebase:firebase-messaging:24.1.0] AndroidManifest.xml:31:13-36
160            android:permission="com.google.android.c2dm.permission.SEND" >
160-->[com.google.firebase:firebase-messaging:24.1.0] AndroidManifest.xml:32:13-73
161            <intent-filter>
161-->[com.google.firebase:firebase-messaging:24.1.0] AndroidManifest.xml:33:13-35:29
162                <action android:name="com.google.android.c2dm.intent.RECEIVE" />
162-->[com.google.firebase:firebase-messaging:24.1.0] AndroidManifest.xml:34:17-81
162-->[com.google.firebase:firebase-messaging:24.1.0] AndroidManifest.xml:34:25-78
163            </intent-filter>
164
165            <meta-data
165-->[com.google.firebase:firebase-messaging:24.1.0] AndroidManifest.xml:37:13-39:40
166                android:name="com.google.android.gms.cloudmessaging.FINISHED_AFTER_HANDLED"
166-->[com.google.firebase:firebase-messaging:24.1.0] AndroidManifest.xml:38:17-92
167                android:value="true" />
167-->[com.google.firebase:firebase-messaging:24.1.0] AndroidManifest.xml:39:17-37
168        </receiver>
169        <!--
170             FirebaseMessagingService performs security checks at runtime,
171             but set to not exported to explicitly avoid allowing another app to call it.
172        -->
173        <service
173-->[com.google.firebase:firebase-messaging:24.1.0] AndroidManifest.xml:46:9-53:19
174            android:name="com.google.firebase.messaging.FirebaseMessagingService"
174-->[com.google.firebase:firebase-messaging:24.1.0] AndroidManifest.xml:47:13-82
175            android:directBootAware="true"
175-->[com.google.firebase:firebase-messaging:24.1.0] AndroidManifest.xml:48:13-43
176            android:exported="false" >
176-->[com.google.firebase:firebase-messaging:24.1.0] AndroidManifest.xml:49:13-37
177            <intent-filter android:priority="-500" >
177-->src\main\AndroidManifest.xml:42:13-44:29
178                <action android:name="com.google.firebase.MESSAGING_EVENT" />
178-->src\main\AndroidManifest.xml:43:17-78
178-->src\main\AndroidManifest.xml:43:25-75
179            </intent-filter>
180        </service>
181
182        <activity
182-->[com.google.firebase:firebase-auth:23.1.0] AndroidManifest.xml:29:9-46:20
183            android:name="com.google.firebase.auth.internal.GenericIdpActivity"
183-->[com.google.firebase:firebase-auth:23.1.0] AndroidManifest.xml:30:13-80
184            android:excludeFromRecents="true"
184-->[com.google.firebase:firebase-auth:23.1.0] AndroidManifest.xml:31:13-46
185            android:exported="true"
185-->[com.google.firebase:firebase-auth:23.1.0] AndroidManifest.xml:32:13-36
186            android:launchMode="singleTask"
186-->[com.google.firebase:firebase-auth:23.1.0] AndroidManifest.xml:33:13-44
187            android:theme="@android:style/Theme.Translucent.NoTitleBar" >
187-->[com.google.firebase:firebase-auth:23.1.0] AndroidManifest.xml:34:13-72
188            <intent-filter>
188-->[com.google.firebase:firebase-auth:23.1.0] AndroidManifest.xml:35:13-45:29
189                <action android:name="android.intent.action.VIEW" />
189-->[com.google.firebase:firebase-auth:23.1.0] AndroidManifest.xml:36:17-69
189-->[com.google.firebase:firebase-auth:23.1.0] AndroidManifest.xml:36:25-66
190
191                <category android:name="android.intent.category.DEFAULT" />
191-->[com.google.firebase:firebase-auth:23.1.0] AndroidManifest.xml:38:17-76
191-->[com.google.firebase:firebase-auth:23.1.0] AndroidManifest.xml:38:27-73
192                <category android:name="android.intent.category.BROWSABLE" />
192-->[com.google.firebase:firebase-auth:23.1.0] AndroidManifest.xml:39:17-78
192-->[com.google.firebase:firebase-auth:23.1.0] AndroidManifest.xml:39:27-75
193
194                <data
194-->[com.google.firebase:firebase-auth:23.1.0] AndroidManifest.xml:41:17-44:51
195                    android:host="firebase.auth"
195-->[com.google.firebase:firebase-auth:23.1.0] AndroidManifest.xml:42:21-49
196                    android:path="/"
196-->[com.google.firebase:firebase-auth:23.1.0] AndroidManifest.xml:43:21-37
197                    android:scheme="genericidp" />
197-->[com.google.firebase:firebase-auth:23.1.0] AndroidManifest.xml:44:21-48
198            </intent-filter>
199        </activity>
200        <activity
200-->[com.google.firebase:firebase-auth:23.1.0] AndroidManifest.xml:47:9-64:20
201            android:name="com.google.firebase.auth.internal.RecaptchaActivity"
201-->[com.google.firebase:firebase-auth:23.1.0] AndroidManifest.xml:48:13-79
202            android:excludeFromRecents="true"
202-->[com.google.firebase:firebase-auth:23.1.0] AndroidManifest.xml:49:13-46
203            android:exported="true"
203-->[com.google.firebase:firebase-auth:23.1.0] AndroidManifest.xml:50:13-36
204            android:launchMode="singleTask"
204-->[com.google.firebase:firebase-auth:23.1.0] AndroidManifest.xml:51:13-44
205            android:theme="@android:style/Theme.Translucent.NoTitleBar" >
205-->[com.google.firebase:firebase-auth:23.1.0] AndroidManifest.xml:52:13-72
206            <intent-filter>
206-->[com.google.firebase:firebase-auth:23.1.0] AndroidManifest.xml:53:13-63:29
207                <action android:name="android.intent.action.VIEW" />
207-->[com.google.firebase:firebase-auth:23.1.0] AndroidManifest.xml:36:17-69
207-->[com.google.firebase:firebase-auth:23.1.0] AndroidManifest.xml:36:25-66
208
209                <category android:name="android.intent.category.DEFAULT" />
209-->[com.google.firebase:firebase-auth:23.1.0] AndroidManifest.xml:38:17-76
209-->[com.google.firebase:firebase-auth:23.1.0] AndroidManifest.xml:38:27-73
210                <category android:name="android.intent.category.BROWSABLE" />
210-->[com.google.firebase:firebase-auth:23.1.0] AndroidManifest.xml:39:17-78
210-->[com.google.firebase:firebase-auth:23.1.0] AndroidManifest.xml:39:27-75
211
212                <data
212-->[com.google.firebase:firebase-auth:23.1.0] AndroidManifest.xml:41:17-44:51
213                    android:host="firebase.auth"
213-->[com.google.firebase:firebase-auth:23.1.0] AndroidManifest.xml:42:21-49
214                    android:path="/"
214-->[com.google.firebase:firebase-auth:23.1.0] AndroidManifest.xml:43:21-37
215                    android:scheme="recaptcha" />
215-->[com.google.firebase:firebase-auth:23.1.0] AndroidManifest.xml:44:21-48
216            </intent-filter>
217        </activity>
218
219        <service
219-->[androidx.credentials:credentials-play-services-auth:1.2.0-rc01] AndroidManifest.xml:24:9-32:19
220            android:name="androidx.credentials.playservices.CredentialProviderMetadataHolder"
220-->[androidx.credentials:credentials-play-services-auth:1.2.0-rc01] AndroidManifest.xml:25:13-94
221            android:enabled="true"
221-->[androidx.credentials:credentials-play-services-auth:1.2.0-rc01] AndroidManifest.xml:26:13-35
222            android:exported="false" >
222-->[androidx.credentials:credentials-play-services-auth:1.2.0-rc01] AndroidManifest.xml:27:13-37
223            <meta-data
223-->[androidx.credentials:credentials-play-services-auth:1.2.0-rc01] AndroidManifest.xml:29:13-31:104
224                android:name="androidx.credentials.CREDENTIAL_PROVIDER_KEY"
224-->[androidx.credentials:credentials-play-services-auth:1.2.0-rc01] AndroidManifest.xml:30:17-76
225                android:value="androidx.credentials.playservices.CredentialProviderPlayServicesImpl" />
225-->[androidx.credentials:credentials-play-services-auth:1.2.0-rc01] AndroidManifest.xml:31:17-101
226        </service>
227
228        <activity
228-->[androidx.credentials:credentials-play-services-auth:1.2.0-rc01] AndroidManifest.xml:34:9-41:20
229            android:name="androidx.credentials.playservices.HiddenActivity"
229-->[androidx.credentials:credentials-play-services-auth:1.2.0-rc01] AndroidManifest.xml:35:13-76
230            android:configChanges="orientation|screenSize|screenLayout|keyboardHidden"
230-->[androidx.credentials:credentials-play-services-auth:1.2.0-rc01] AndroidManifest.xml:36:13-87
231            android:enabled="true"
231-->[androidx.credentials:credentials-play-services-auth:1.2.0-rc01] AndroidManifest.xml:37:13-35
232            android:exported="false"
232-->[androidx.credentials:credentials-play-services-auth:1.2.0-rc01] AndroidManifest.xml:38:13-37
233            android:fitsSystemWindows="true"
233-->[androidx.credentials:credentials-play-services-auth:1.2.0-rc01] AndroidManifest.xml:39:13-45
234            android:theme="@style/Theme.Hidden" >
234-->[androidx.credentials:credentials-play-services-auth:1.2.0-rc01] AndroidManifest.xml:40:13-48
235        </activity>
236        <activity
236-->[com.google.android.gms:play-services-auth:20.7.0] AndroidManifest.xml:23:9-27:75
237            android:name="com.google.android.gms.auth.api.signin.internal.SignInHubActivity"
237-->[com.google.android.gms:play-services-auth:20.7.0] AndroidManifest.xml:24:13-93
238            android:excludeFromRecents="true"
238-->[com.google.android.gms:play-services-auth:20.7.0] AndroidManifest.xml:25:13-46
239            android:exported="false"
239-->[com.google.android.gms:play-services-auth:20.7.0] AndroidManifest.xml:26:13-37
240            android:theme="@android:style/Theme.Translucent.NoTitleBar" />
240-->[com.google.android.gms:play-services-auth:20.7.0] AndroidManifest.xml:27:13-72
241        <!--
242            Service handling Google Sign-In user revocation. For apps that do not integrate with
243            Google Sign-In, this service will never be started.
244        -->
245        <service
245-->[com.google.android.gms:play-services-auth:20.7.0] AndroidManifest.xml:33:9-37:51
246            android:name="com.google.android.gms.auth.api.signin.RevocationBoundService"
246-->[com.google.android.gms:play-services-auth:20.7.0] AndroidManifest.xml:34:13-89
247            android:exported="true"
247-->[com.google.android.gms:play-services-auth:20.7.0] AndroidManifest.xml:35:13-36
248            android:permission="com.google.android.gms.auth.api.signin.permission.REVOCATION_NOTIFICATION"
248-->[com.google.android.gms:play-services-auth:20.7.0] AndroidManifest.xml:36:13-107
249            android:visibleToInstantApps="true" />
249-->[com.google.android.gms:play-services-auth:20.7.0] AndroidManifest.xml:37:13-48
250
251        <activity
251-->[com.google.android.gms:play-services-base:18.5.0] AndroidManifest.xml:5:9-173
252            android:name="com.google.android.gms.common.api.GoogleApiActivity"
252-->[com.google.android.gms:play-services-base:18.5.0] AndroidManifest.xml:5:19-85
253            android:exported="false"
253-->[com.google.android.gms:play-services-base:18.5.0] AndroidManifest.xml:5:146-170
254            android:theme="@android:style/Theme.Translucent.NoTitleBar" />
254-->[com.google.android.gms:play-services-base:18.5.0] AndroidManifest.xml:5:86-145
255        <activity